2023-08-15 00:21:58,403 INFO ------------------------------------
2023-08-15 00:21:58,403 INFO key type name_author_publisher_date
2023-08-15 00:21:58,404 INFO number of alignments bnf 2121
2023-08-15 00:21:58,404 INFO number of alignments lurelu 73
2023-08-15 00:21:58,404 INFO total number of books 41651
2023-08-15 00:21:58,404 INFO total number of books bnf 30384
2023-08-15 00:21:58,404 INFO total number of books constellation 11267
2023-08-15 00:21:58,404 INFO total number of books lurelu 208
2023-08-15 00:21:58,404 INFO total number of collisions isbn 11
2023-08-15 00:21:58,404 INFO total number of collisions exact key bnf 28252
2023-08-15 00:21:58,404 INFO total number of collisions exact key lurelu 0
2023-08-15 00:21:58,404 INFO total number of collisions approximate key lurelu 4
2023-08-15 00:21:58,404 INFO ----- validation set
2023-08-15 00:29:04,051 INFO total alignment P 2120
2023-08-15 00:29:04,051 INFO total non-alignment N 37263
2023-08-15 00:29:04,051 INFO lines without url 0
2023-08-15 00:29:04,051 INFO alignment & isbn matches TP 2120
2023-08-15 00:29:04,051 INFO alignment & NOT isbn matches FP 0
2023-08-15 00:29:04,051 INFO NON alignment & NON isbn present TN 36989
2023-08-15 00:29:04,051 INFO NON alignment & isbn present FN 0
2023-08-15 00:29:04,051 INFO missing isbn bnf for positives 0
2023-08-15 00:29:04,051 INFO missing isbn constellation for positives 0
2023-08-15 00:29:04,051 INFO missing isbn bnf for negatives 274
2023-08-15 00:29:04,051 INFO missing isbn constellation for negatives 0
2023-08-15 00:29:04,052 INFO ----- test set
2023-08-15 00:36:37,016 INFO total alignment P 73
2023-08-15 00:36:37,017 INFO total non-alignment N 39441
2023-08-15 00:36:37,017 INFO lines without url 0
2023-08-15 00:36:37,017 INFO alignment & isbn matches TP 66
2023-08-15 00:36:37,017 INFO alignment & NOT isbn matches FP 7
2023-08-15 00:36:37,017 INFO NON alignment & NON isbn present TN 38983
2023-08-15 00:36:37,017 INFO NON alignment & isbn present FN 102
2023-08-15 00:36:37,017 INFO missing isbn bnf or constellation for positives 0
2023-08-15 00:36:37,017 INFO missing isbn lurelu for positives 0
2023-08-15 00:36:37,017 INFO missing isbn bnf or constellation for negatives 274
2023-08-15 00:36:37,017 INFO missing isbn lurelu for negatives 82
