2023-08-14 19:51:20,650 INFO ------------------------------------
2023-08-14 19:51:20,650 INFO key type name_author_publisher_date
2023-08-14 19:51:20,651 INFO number of alignments bnf 2121
2023-08-14 19:51:20,651 INFO number of alignments lurelu 58
2023-08-14 19:51:20,651 INFO total number of books 41651
2023-08-14 19:51:20,651 INFO total number of books bnf 30384
2023-08-14 19:51:20,651 INFO total number of books constellation 11267
2023-08-14 19:51:20,652 INFO total number of books lurelu 208
2023-08-14 19:51:20,655 INFO total number of collisions isbn 11
2023-08-14 19:51:20,655 INFO total number of collisions exact key bnf 28252
2023-08-14 19:51:20,655 INFO total number of collisions exact key lurelu 4
2023-08-14 19:51:20,655 INFO total number of collisions approximate key lurelu 146
2023-08-14 19:51:20,655 INFO ----- validation set
2023-08-14 19:57:07,332 INFO total alignment P 2120
2023-08-14 19:57:07,332 INFO total non-alignment N 37263
2023-08-14 19:57:07,332 INFO lines without url 0
2023-08-14 19:57:07,333 INFO alignment & isbn matches TP 2120
2023-08-14 19:57:07,333 INFO alignment & NOT isbn matches FP 0
2023-08-14 19:57:07,333 INFO NON alignment & NON isbn present TN 36989
2023-08-14 19:57:07,333 INFO NON alignment & isbn present FN 0
2023-08-14 19:57:07,333 INFO missing isbn bnf for positives 0
2023-08-14 19:57:07,333 INFO missing isbn constellation for positives 0
2023-08-14 19:57:07,333 INFO missing isbn bnf for negatives 274
2023-08-14 19:57:07,333 INFO missing isbn constellation for negatives 0
2023-08-14 19:57:07,333 INFO ----- test set
2023-08-14 20:03:41,297 INFO total alignment P 58
2023-08-14 20:03:41,297 INFO total non-alignment N 39471
2023-08-14 20:03:41,297 INFO lines without url 0
2023-08-14 20:03:41,297 INFO alignment & isbn matches TP 53
2023-08-14 20:03:41,298 INFO alignment & NOT isbn matches FP 5
2023-08-14 20:03:41,298 INFO NON alignment & NON isbn present TN 38985
2023-08-14 20:03:41,298 INFO NON alignment & isbn present FN 130
2023-08-14 20:03:41,298 INFO missing isbn bnf or constellation for positives 0
2023-08-14 20:03:41,298 INFO missing isbn lurelu for positives 0
2023-08-14 20:03:41,298 INFO missing isbn bnf or constellation for negatives 274
2023-08-14 20:03:41,298 INFO missing isbn lurelu for negatives 82
