2023-11-30 13:13:22,061 INFO ------------------------------------
2023-11-30 13:13:22,061 INFO key type name_author_publisher_date
2023-11-30 13:13:22,061 INFO number of alignments bnf 2194
2023-11-30 13:13:22,061 INFO number of alignments lurelu 0
2023-11-30 13:13:22,061 INFO number of ean alignment bnf 58
2023-11-30 13:13:22,061 INFO total number of books 41651
2023-11-30 13:13:22,062 INFO total number of books bnf 30384
2023-11-30 13:13:22,062 INFO total number of books constellation 11267
2023-11-30 13:13:22,062 INFO total number of books lurelu 0
2023-11-30 13:13:22,063 INFO total number of collisions isbn 306
2023-11-30 13:13:22,063 INFO total number of collisions exact key bnf 62
2023-11-30 13:13:22,063 INFO total number of collisions exact key lurelu 0
2023-11-30 13:13:22,063 INFO total number of collisions approximate key lurelu 0
2023-11-30 13:13:22,063 INFO ----- validation set
2023-11-30 15:28:58,654 INFO EAN and no ISBN 9071
2023-11-30 15:28:58,654 INFO no EAN and ISBN 0
2023-11-30 15:28:58,654 INFO no EAN and no ISBN 0
2023-11-30 15:28:58,654 INFO EAN and ISBN 30015
2023-11-30 15:28:58,654 INFO EAN == ISBN 21264
2023-11-30 15:28:58,654 INFO EAN != ISBN 8751
2023-11-30 15:28:58,654 INFO total alignment P 2194
2023-11-30 15:28:58,654 INFO total non-alignment N 36892
2023-11-30 15:28:58,654 INFO lines without url 0
2023-11-30 15:28:58,654 INFO alignment & isbn matches TP 2121
2023-11-30 15:28:58,654 INFO alignment & NOT isbn matches FP 71
2023-11-30 15:28:58,654 INFO NON alignment & NON isbn present TN 36881
2023-11-30 15:28:58,654 INFO NON alignment & isbn present FN 0
2023-11-30 15:28:58,654 INFO missing isbn bnf for positives 1
2023-11-30 15:28:58,654 INFO missing isbn constellation for positives 2
2023-11-30 15:28:58,654 INFO missing isbn bnf for negatives 0
2023-11-30 15:28:58,654 INFO missing isbn constellation for negatives 11
2023-11-30 15:28:58,654 INFO ----- test set
