2023-08-15 00:17:43,416 INFO ------------------------------------
2023-08-15 00:17:43,417 INFO key type name_author_publisher_date
2023-08-15 00:17:43,417 INFO number of alignments bnf 2121
2023-08-15 00:17:43,417 INFO number of alignments lurelu 81
2023-08-15 00:17:43,417 INFO total number of books 41651
2023-08-15 00:17:43,417 INFO total number of books bnf 30384
2023-08-15 00:17:43,417 INFO total number of books constellation 11267
2023-08-15 00:17:43,418 INFO total number of books lurelu 208
2023-08-15 00:17:43,418 INFO total number of collisions isbn 11
2023-08-15 00:17:43,418 INFO total number of collisions exact key bnf 28252
2023-08-15 00:17:43,418 INFO total number of collisions exact key lurelu 0
2023-08-15 00:17:43,418 INFO total number of collisions approximate key lurelu 4
2023-08-15 00:17:43,418 INFO ----- validation set
2023-08-15 00:26:10,207 INFO total alignment P 2120
2023-08-15 00:26:10,207 INFO total non-alignment N 37263
2023-08-15 00:26:10,207 INFO lines without url 0
2023-08-15 00:26:10,207 INFO alignment & isbn matches TP 2120
2023-08-15 00:26:10,207 INFO alignment & NOT isbn matches FP 0
2023-08-15 00:26:10,207 INFO NON alignment & NON isbn present TN 36989
2023-08-15 00:26:10,207 INFO NON alignment & isbn present FN 0
2023-08-15 00:26:10,207 INFO missing isbn bnf for positives 0
2023-08-15 00:26:10,207 INFO missing isbn constellation for positives 0
2023-08-15 00:26:10,207 INFO missing isbn bnf for negatives 274
2023-08-15 00:26:10,207 INFO missing isbn constellation for negatives 0
2023-08-15 00:26:10,207 INFO ----- test set
2023-08-15 00:34:13,084 INFO total alignment P 81
2023-08-15 00:34:13,084 INFO total non-alignment N 39425
2023-08-15 00:34:13,084 INFO lines without url 0
2023-08-15 00:34:13,084 INFO alignment & isbn matches TP 72
2023-08-15 00:34:13,084 INFO alignment & NOT isbn matches FP 8
2023-08-15 00:34:13,084 INFO NON alignment & NON isbn present TN 38981
2023-08-15 00:34:13,084 INFO NON alignment & isbn present FN 89
2023-08-15 00:34:13,084 INFO missing isbn bnf or constellation for positives 0
2023-08-15 00:34:13,084 INFO missing isbn lurelu for positives 1
2023-08-15 00:34:13,084 INFO missing isbn bnf or constellation for negatives 274
2023-08-15 00:34:13,084 INFO missing isbn lurelu for negatives 81
