2023-08-14 20:43:38,921 INFO ------------------------------------
2023-08-14 20:43:38,921 INFO key type name_author_publisher_date
2023-08-14 20:43:38,921 INFO number of alignments bnf 2121
2023-08-14 20:43:38,921 INFO number of alignments lurelu 85
2023-08-14 20:43:38,921 INFO total number of books 41651
2023-08-14 20:43:38,921 INFO total number of books bnf 30384
2023-08-14 20:43:38,921 INFO total number of books constellation 11267
2023-08-14 20:43:38,921 INFO total number of books lurelu 208
2023-08-14 20:43:38,921 INFO total number of collisions isbn 11
2023-08-14 20:43:38,930 INFO total number of collisions exact key bnf 28252
2023-08-14 20:43:38,930 INFO total number of collisions exact key lurelu 0
2023-08-14 20:43:38,930 INFO total number of collisions approximate key lurelu 4
2023-08-14 20:43:38,930 INFO ----- validation set
2023-08-14 20:47:24,297 INFO total alignment P 2120
2023-08-14 20:47:24,297 INFO total non-alignment N 37263
2023-08-14 20:47:24,297 INFO lines without url 0
2023-08-14 20:47:24,297 INFO alignment & isbn matches TP 2120
2023-08-14 20:47:24,297 INFO alignment & NOT isbn matches FP 0
2023-08-14 20:47:24,297 INFO NON alignment & NON isbn present TN 36989
2023-08-14 20:47:24,297 INFO NON alignment & isbn present FN 0
2023-08-14 20:47:24,297 INFO missing isbn bnf for positives 0
2023-08-14 20:47:24,298 INFO missing isbn constellation for positives 0
2023-08-14 20:47:24,298 INFO missing isbn bnf for negatives 274
2023-08-14 20:47:24,298 INFO missing isbn constellation for negatives 0
2023-08-14 20:47:24,298 INFO ----- test set
2023-08-14 20:51:40,328 INFO total alignment P 85
2023-08-14 20:51:40,329 INFO total non-alignment N 39417
2023-08-14 20:51:40,329 INFO lines without url 0
2023-08-14 20:51:40,329 INFO alignment & isbn matches TP 74
2023-08-14 20:51:40,329 INFO alignment & NOT isbn matches FP 8
2023-08-14 20:51:40,329 INFO NON alignment & NON isbn present TN 38979
2023-08-14 20:51:40,329 INFO NON alignment & isbn present FN 85
2023-08-14 20:51:40,329 INFO missing isbn bnf or constellation for positives 0
2023-08-14 20:51:40,329 INFO missing isbn lurelu for positives 3
2023-08-14 20:51:40,329 INFO missing isbn bnf or constellation for negatives 274
2023-08-14 20:51:40,329 INFO missing isbn lurelu for negatives 79
