2023-08-13 12:55:07,035 INFO ------------------------------------
2023-08-13 12:55:07,035 INFO key type name_author_date
2023-08-13 12:55:07,035 INFO number of alignments 2118
2023-08-13 12:55:07,035 INFO total number of books 41651
2023-08-13 12:55:07,036 INFO total number of books bnf 30384
2023-08-13 12:55:07,036 INFO total number of books constellation 11267
2023-08-13 12:55:07,036 INFO total number of collisions isbn 11
2023-08-13 12:55:07,036 INFO total number of collisions exact key 28255
2023-08-13 12:55:07,036 INFO total number of collisions approximate key 0
2023-08-13 12:55:07,050 INFO -----
2023-08-13 13:01:33,803 INFO total alignment P 2115
2023-08-13 13:01:33,803 INFO total non-alignment N 37192
2023-08-13 13:01:33,803 INFO lines without url 0
2023-08-13 13:01:33,804 INFO alignment & isbn matches TP 2115
2023-08-13 13:01:33,804 INFO alignment & NOT isbn matches FP 0
2023-08-13 13:01:33,804 INFO NON alignment & NON isbn present TN 36919
2023-08-13 13:01:33,804 INFO NON alignment & isbn present FN 0
2023-08-13 13:01:33,804 INFO missing isbn bnf for positives 0
2023-08-13 13:01:33,804 INFO missing isbn constellation for positives 0
2023-08-13 13:01:33,804 INFO missing isbn bnf for negatives 273
2023-08-13 13:01:33,804 INFO missing isbn constellation for negatives 0
2023-08-13 13:01:33,804 INFO proportion of correct isbn matches over total number of alignment 0.9985835646903514
2023-08-13 13:01:33,804 INFO proportion of incorrect isbn matches over total number of alignment 0.0
