2023-08-13 12:32:34,201 INFO ------------------------------------
2023-08-13 12:32:34,201 INFO key type name_author_date_publisher
2023-08-13 12:32:34,201 INFO number of alignments 2121
2023-08-13 12:32:34,201 INFO total number of books 41651
2023-08-13 12:32:34,201 INFO total number of books bnf 30384
2023-08-13 12:32:34,201 INFO total number of books constellation 11267
2023-08-13 12:32:34,201 INFO total number of collisions isbn 11
2023-08-13 12:32:34,202 INFO total number of collisions exact key 28252
2023-08-13 12:32:34,229 INFO total number of collisions approximate key 0
2023-08-13 12:32:34,229 INFO -----
2023-08-13 12:38:19,718 INFO total alignment P 2120
2023-08-13 12:38:19,718 INFO total non-alignment N 37262
2023-08-13 12:38:19,718 INFO lines without url 0
2023-08-13 12:38:19,718 INFO alignment & isbn matches TP 2120
2023-08-13 12:38:19,718 INFO alignment & NOT isbn matches FP 0
2023-08-13 12:38:19,718 INFO NON alignment & NON isbn present TN 36988
2023-08-13 12:38:19,718 INFO NON alignment & isbn present FN 0
2023-08-13 12:38:19,719 INFO missing isbn bnf for positives 0
2023-08-13 12:38:19,719 INFO missing isbn constellation for positives 0
2023-08-13 12:38:19,719 INFO missing isbn bnf for negatives 274
2023-08-13 12:38:19,719 INFO missing isbn constellation for negatives 0
2023-08-13 12:38:19,719 INFO proportion of correct isbn matches over total number of alignment 0.9995285195684651
2023-08-13 12:38:19,719 INFO proportion of incorrect isbn matches over total number of alignment 0.0
