2023-08-08 21:42:03,610 INFO ------------------------------------
2023-08-08 21:42:03,610 INFO key type name_author_date
2023-08-08 21:42:03,610 INFO number of alignments 1489
2023-08-08 21:42:03,610 INFO total number of books 41651
2023-08-08 21:42:03,610 INFO total number of books bnf 30384
2023-08-08 21:42:03,610 INFO total number of books constellation 11267
2023-08-08 21:42:03,610 INFO total number of collisions 120
2023-08-08 21:42:03,610 INFO -----
2023-08-08 21:46:00,418 INFO total alignment P 1489
2023-08-08 21:46:00,429 INFO total non-alignment N 38546
2023-08-08 21:46:00,429 INFO lines without url 0
2023-08-08 21:46:00,429 INFO alignment & isbn matches TP 1391
2023-08-08 21:46:00,429 INFO alignment & NOT isbn matches FP 97
2023-08-08 21:46:00,429 INFO NON alignment & NON isbn present TN 36819
2023-08-08 21:46:00,429 INFO NON alignment & isbn present FN 1462
2023-08-08 21:46:00,429 INFO missing isbn bnf for positives 1
2023-08-08 21:46:00,429 INFO missing isbn constellation for positives 0
2023-08-08 21:46:00,429 INFO missing isbn bnf for negatives 265
2023-08-08 21:46:00,429 INFO missing isbn constellation for negatives 0
2023-08-08 21:46:00,429 INFO proportion of correct isbn matches over total number of alignment 0.9341840098442982
2023-08-08 21:46:00,429 INFO proportion of incorrect isbn matches over total number of alignment 0.0651443917720323
