2023-11-06 19:27:32,817 INFO ------------------------------------
2023-11-06 19:27:32,818 INFO key type isbn
2023-11-06 19:27:32,818 INFO number of alignments 2180
2023-11-06 19:27:32,818 INFO total number of books 41651
2023-11-06 19:27:32,818 INFO total number of books bnf 30384
2023-11-06 19:27:32,818 INFO total number of books constellation 11267
2023-11-06 19:27:32,818 INFO total number of collisions 484
2023-11-06 19:27:32,818 INFO ----- validation set
b2023-11-06 19:31:52,367 INFO EAN and no ISBN 0
2023-11-06 19:31:52,367 INFO no EAN and ISBN 0
2023-11-06 19:31:52,367 INFO no EAN and no ISBN 1
2023-11-06 19:31:52,367 INFO EAN and ISBN 38974
2023-11-06 19:31:52,367 INFO EAN == ISBN 32111
2023-11-06 19:31:52,367 INFO EAN != ISBN 6863
2023-11-06 19:31:52,367 INFO average jaccard similarity between ages 35.28649418376433
2023-11-06 19:31:52,367 INFO total alignment P 2180
2023-11-06 19:31:52,368 INFO total non-alignment N 36795
2023-11-06 19:31:52,368 INFO lines without url 0
2023-11-06 19:31:52,368 INFO alignment & isbn matches TP 2179
2023-11-06 19:31:52,368 INFO alignment & NOT isbn matches FP 0
2023-11-06 19:31:52,368 INFO NON alignment & NON isbn present TN 36795
2023-11-06 19:31:52,368 INFO NON alignment & isbn present FN 0
2023-11-06 19:31:52,368 INFO missing isbn bnf for positives 1
2023-11-06 19:31:52,368 INFO missing isbn constellation for positives 1
2023-11-06 19:31:52,368 INFO missing isbn bnf for negatives 0
2023-11-06 19:31:52,368 INFO missing isbn constellation for negatives 0
