2023-11-26 11:23:44,716 INFO ------------------------------------
2023-11-26 11:23:44,716 INFO key type isbn_ean
2023-11-26 11:23:44,716 INFO number of alignments 2180
2023-11-26 11:23:44,716 INFO total number of books 41651
2023-11-26 11:23:44,716 INFO total number of books bnf 30384
2023-11-26 11:23:44,716 INFO total number of books constellation 11267
2023-11-26 11:23:44,716 INFO total number of collisions 484
2023-11-26 11:23:44,716 INFO ----- validation set
2023-11-26 11:33:23,415 INFO EAN and no ISBN 9075
2023-11-26 11:33:23,416 INFO no EAN and ISBN 0
2023-11-26 11:33:23,416 INFO no EAN and no ISBN 1
2023-11-26 11:33:23,423 INFO EAN and ISBN 29899
2023-11-26 11:33:23,423 INFO EAN == ISBN 23036
2023-11-26 11:33:23,423 INFO EAN != ISBN 6863
2023-11-26 11:33:23,423 INFO total alignment P 2180
2023-11-26 11:33:23,423 INFO total non-alignment N 36795
2023-11-26 11:33:23,423 INFO lines without url 0
2023-11-26 11:33:23,423 INFO alignment & isbn matches TP 2179
2023-11-26 11:33:23,423 INFO alignment & NOT isbn matches FP 0
2023-11-26 11:33:23,423 INFO NON alignment & NON isbn present TN 36795
2023-11-26 11:33:23,423 INFO NON alignment & isbn present FN 0
2023-11-26 11:33:23,423 INFO missing isbn bnf for positives 1
2023-11-26 11:33:23,423 INFO missing isbn constellation for positives 1
2023-11-26 11:33:23,423 INFO missing isbn bnf for negatives 0
2023-11-26 11:33:23,423 INFO missing isbn constellation for negatives 0
2023-11-26 11:33:23,424 INFO ------------------------------------
2023-11-26 11:33:23,424 INFO key type name_author_publisher_date
2023-11-26 11:33:23,424 INFO number of alignments 1088
2023-11-26 11:33:23,424 INFO total number of books 30384
2023-11-26 11:33:23,424 INFO total number of books bnf 30384
2023-11-26 11:33:23,424 INFO total number of books constellation 0
2023-11-26 11:33:23,424 INFO total number of collisions 88
2023-11-26 11:33:23,424 INFO ----- validation set
2023-11-26 11:44:28,187 INFO EAN and no ISBN 10273
2023-11-26 11:44:28,187 INFO no EAN and ISBN 0
2023-11-26 11:44:28,187 INFO no EAN and no ISBN 171
2023-11-26 11:44:28,187 INFO EAN and ISBN 30028
2023-11-26 11:44:28,187 INFO EAN == ISBN 23040
2023-11-26 11:44:28,187 INFO EAN != ISBN 6988
2023-11-26 11:44:28,187 INFO total alignment P 1088
2023-11-26 11:44:28,187 INFO total non-alignment N 39384
2023-11-26 11:44:28,187 INFO lines without url 0
2023-11-26 11:44:28,187 INFO alignment & isbn matches TP 1040
2023-11-26 11:44:28,187 INFO alignment & NOT isbn matches FP 45
2023-11-26 11:44:28,187 INFO NON alignment & NON isbn present TN 36935
2023-11-26 11:44:28,187 INFO NON alignment & isbn present FN 2171
2023-11-26 11:44:28,187 INFO missing isbn bnf for positives 2
2023-11-26 11:44:28,188 INFO missing isbn constellation for positives 1
2023-11-26 11:44:28,188 INFO missing isbn bnf for negatives 266
2023-11-26 11:44:28,188 INFO missing isbn constellation for negatives 12
