2023-11-27 20:20:27,943 INFO ------------------------------------
2023-11-27 20:20:27,943 INFO key type name_author_publisher_date
2023-11-27 20:20:27,943 INFO number of alignments bnf 2194
2023-11-27 20:20:27,943 INFO number of alignments lurelu 0
2023-11-27 20:20:27,943 INFO total number of books 41651
2023-11-27 20:20:27,943 INFO total number of books bnf 30384
2023-11-27 20:20:27,943 INFO total number of books constellation 11267
2023-11-27 20:20:27,943 INFO total number of books lurelu 0
2023-11-27 20:20:27,943 INFO total number of collisions isbn 306
2023-11-27 20:20:27,946 INFO total number of collisions exact key bnf 62
2023-11-27 20:20:27,947 INFO total number of collisions exact key lurelu 0
2023-11-27 20:20:27,947 INFO total number of collisions approximate key lurelu 0
2023-11-27 20:20:27,947 INFO ----- validation set
2023-11-27 20:28:05,776 INFO EAN and no ISBN 9071
2023-11-27 20:28:05,777 INFO no EAN and ISBN 0
2023-11-27 20:28:05,777 INFO no EAN and no ISBN 0
2023-11-27 20:28:05,777 INFO EAN and ISBN 30015
2023-11-27 20:28:05,777 INFO EAN == ISBN 21264
2023-11-27 20:28:05,777 INFO EAN != ISBN 8751
2023-11-27 20:28:05,777 INFO total alignment P 2194
2023-11-27 20:28:05,777 INFO total non-alignment N 36892
2023-11-27 20:28:05,777 INFO lines without url 0
2023-11-27 20:28:05,777 INFO alignment & isbn matches TP 2121
2023-11-27 20:28:05,777 INFO alignment & NOT isbn matches FP 71
2023-11-27 20:28:05,777 INFO NON alignment & NON isbn present TN 36881
2023-11-27 20:28:05,777 INFO NON alignment & isbn present FN 0
2023-11-27 20:28:05,777 INFO missing isbn bnf for positives 1
2023-11-27 20:28:05,777 INFO missing isbn constellation for positives 2
2023-11-27 20:28:05,777 INFO missing isbn bnf for negatives 0
2023-11-27 20:28:05,777 INFO missing isbn constellation for negatives 11
2023-11-27 20:28:05,777 INFO ----- test set
