2023-08-07 18:25:06,964 INFO ------------------------------------
2023-08-07 18:25:06,964 INFO key type name_author
2023-08-07 18:25:06,964 INFO number of alignments 2025
2023-08-07 18:25:06,964 INFO total number of books 41651
2023-08-07 18:25:06,965 INFO total number of books bnf 30384
2023-08-07 18:25:06,965 INFO total number of books constellation 11267
2023-08-07 18:25:06,965 INFO total number of collisions 1113
2023-08-07 18:25:06,965 INFO -----
2023-08-07 18:33:09,415 INFO total alignment P 2025
2023-08-07 18:33:09,416 INFO total non-alignment N 36420
2023-08-07 18:33:09,416 INFO lines without url 0
2023-08-07 18:33:09,425 INFO alignment & isbn matches TP 1332
2023-08-07 18:33:09,425 INFO alignment & NOT isbn matches FP 691
2023-08-07 18:33:09,425 INFO NON alignment & NON isbn present TN 34934
2023-08-07 18:33:09,425 INFO NON alignment & isbn present FN 1231
2023-08-07 18:33:09,425 INFO missing isbn bnf for positives 2
2023-08-07 18:33:09,425 INFO missing isbn constellation for positives 0
2023-08-07 18:33:09,425 INFO missing isbn bnf for negatives 255
2023-08-07 18:33:09,425 INFO missing isbn constellation for negatives 0
2023-08-07 18:33:09,425 INFO proportion of correct isbn matches over total number of alignment 0.6577777745294925
2023-08-07 18:33:09,425 INFO proportion of incorrect isbn matches over total number of alignment 0.3412345662161256
2023-08-07 18:33:09,425 INFO ------------------------------------
2023-08-07 18:33:09,425 INFO key type name_author_publisher
2023-08-07 18:33:09,425 INFO number of alignments 1381
2023-08-07 18:33:09,425 INFO total number of books 41651
2023-08-07 18:33:09,425 INFO total number of books bnf 30384
2023-08-07 18:33:09,425 INFO total number of books constellation 11267
2023-08-07 18:33:09,425 INFO total number of collisions 625
2023-08-07 18:33:09,425 INFO -----
2023-08-07 18:40:38,389 INFO total alignment P 1381
2023-08-07 18:40:38,389 INFO total non-alignment N 38249
2023-08-07 18:40:38,389 INFO lines without url 0
2023-08-07 18:40:38,389 INFO alignment & isbn matches TP 989
2023-08-07 18:40:38,389 INFO alignment & NOT isbn matches FP 390
2023-08-07 18:40:38,389 INFO NON alignment & NON isbn present TN 35935
2023-08-07 18:40:38,389 INFO NON alignment & isbn present FN 2052
2023-08-07 18:40:38,389 INFO missing isbn bnf for positives 2
2023-08-07 18:40:38,389 INFO missing isbn constellation for positives 0
2023-08-07 18:40:38,389 INFO missing isbn bnf for negatives 262
2023-08-07 18:40:38,389 INFO missing isbn constellation for negatives 0
2023-08-07 18:40:38,389 INFO proportion of correct isbn matches over total number of alignment 0.7161477138584524
2023-08-07 18:40:38,389 INFO proportion of incorrect isbn matches over total number of alignment 0.28240405298766075
2023-08-07 18:40:38,389 INFO ------------------------------------
2023-08-07 18:40:38,389 INFO key type name_author_publisher_date
2023-08-07 18:40:38,389 INFO number of alignments 1047
2023-08-07 18:40:38,389 INFO total number of books 41651
2023-08-07 18:40:38,389 INFO total number of books bnf 30384
2023-08-07 18:40:38,389 INFO total number of books constellation 11267
2023-08-07 18:40:38,389 INFO total number of collisions 77
2023-08-07 18:40:38,389 INFO -----
2023-08-07 18:47:49,253 INFO total alignment P 1047
2023-08-07 18:47:49,253 INFO total non-alignment N 39477
2023-08-07 18:47:49,253 INFO lines without url 0
2023-08-07 18:47:49,253 INFO alignment & isbn matches TP 1002
2023-08-07 18:47:49,253 INFO alignment & NOT isbn matches FP 43
2023-08-07 18:47:49,253 INFO NON alignment & NON isbn present TN 36961
2023-08-07 18:47:49,253 INFO NON alignment & isbn present FN 2247
2023-08-07 18:47:49,253 INFO missing isbn bnf for positives 2
2023-08-07 18:47:49,253 INFO missing isbn constellation for positives 0
2023-08-07 18:47:49,253 INFO missing isbn bnf for negatives 269
2023-08-07 18:47:49,253 INFO missing isbn constellation for negatives 0
2023-08-07 18:47:49,253 INFO proportion of correct isbn matches over total number of alignment 0.9570200481659976
2023-08-07 18:47:49,253 INFO proportion of incorrect isbn matches over total number of alignment 0.041069722625886124
2023-08-07 18:47:49,253 INFO ------------------------------------
2023-08-07 18:47:49,253 INFO key type name_author_date
2023-08-07 18:47:49,253 INFO number of alignments 1483
2023-08-07 18:47:49,253 INFO total number of books 41651
2023-08-07 18:47:49,253 INFO total number of books bnf 30384
2023-08-07 18:47:49,253 INFO total number of books constellation 11267
2023-08-07 18:47:49,253 INFO total number of collisions 116
2023-08-07 18:47:49,253 INFO -----
2023-08-07 18:54:36,440 INFO total alignment P 1483
2023-08-07 18:54:36,440 INFO total non-alignment N 38562
2023-08-07 18:54:36,440 INFO lines without url 0
2023-08-07 18:54:36,440 INFO alignment & isbn matches TP 1385
2023-08-07 18:54:36,440 INFO alignment & NOT isbn matches FP 97
2023-08-07 18:54:36,440 INFO NON alignment & NON isbn present TN 36823
2023-08-07 18:54:36,440 INFO NON alignment & isbn present FN 1474
2023-08-07 18:54:36,440 INFO missing isbn bnf for positives 1
2023-08-07 18:54:36,440 INFO missing isbn constellation for positives 0
2023-08-07 18:54:36,440 INFO missing isbn bnf for negatives 265
2023-08-07 18:54:36,440 INFO missing isbn constellation for negatives 0
2023-08-07 18:54:36,440 INFO proportion of correct isbn matches over total number of alignment 0.9339177280248299
2023-08-07 18:54:36,440 INFO proportion of incorrect isbn matches over total number of alignment 0.06540795640318303
