2023-08-03 20:39:53,448 INFO ------------------------------------
2023-08-03 20:39:53,448 INFO key type name_author
2023-08-03 20:39:53,448 INFO number of alignments 2176
2023-08-03 20:39:53,448 INFO total number of books 41651
2023-08-03 20:39:53,448 INFO total number of books bnf 30384
2023-08-03 20:39:53,448 INFO total number of books constellation 11267
2023-08-03 20:39:53,448 INFO total number of collisions 2361
2023-08-03 20:39:53,449 INFO -----
2023-08-03 20:43:01,283 INFO total alignment P 2176
2023-08-03 20:43:01,284 INFO total non-alignment N 34874
2023-08-03 20:43:01,284 INFO lines without url 0
2023-08-03 20:43:01,292 INFO alignment & isbn matches TP 1402
2023-08-03 20:43:01,292 INFO alignment & NOT isbn matches FP 772
2023-08-03 20:43:01,292 INFO NON alignment & NON isbn present TN 33561
2023-08-03 20:43:01,292 INFO NON alignment & isbn present FN 1059
2023-08-03 20:43:01,292 INFO missing isbn bnf for positives 2
2023-08-03 20:43:01,292 INFO missing isbn constellation for positives 0
2023-08-03 20:43:01,292 INFO missing isbn bnf for negatives 254
2023-08-03 20:43:01,292 INFO missing isbn constellation for negatives 0
2023-08-03 20:43:01,292 INFO proportion of correct isbn matches over total number of alignment 0.644301467627291
2023-08-03 20:43:01,292 INFO proportion of incorrect isbn matches over total number of alignment 0.35477941013428577
