2023-08-16 16:16:01,284 INFO ------------------------------------
2023-08-16 16:16:01,284 INFO key type name_author_publisher_date
2023-08-16 16:16:01,284 INFO number of alignments bnf 2169
2023-08-16 16:16:01,284 INFO number of alignments lurelu 85
2023-08-16 16:16:01,284 INFO total number of books 41651
2023-08-16 16:16:01,284 INFO total number of books bnf 30384
2023-08-16 16:16:01,284 INFO total number of books constellation 11267
2023-08-16 16:16:01,284 INFO total number of books lurelu 208
2023-08-16 16:16:01,287 INFO total number of collisions isbn 16
2023-08-16 16:16:01,287 INFO total number of collisions exact key bnf 85
2023-08-16 16:16:01,287 INFO total number of collisions exact key lurelu 3
2023-08-16 16:16:01,287 INFO total number of collisions approximate key lurelu 1
2023-08-16 16:16:01,287 INFO ----- validation set
2023-08-16 16:19:27,013 INFO total alignment P 2169
2023-08-16 16:19:27,013 INFO total non-alignment N 37209
2023-08-16 16:19:27,013 INFO lines without url 0
2023-08-16 16:19:27,013 INFO alignment & isbn matches TP 2121
2023-08-16 16:19:27,013 INFO alignment & NOT isbn matches FP 46
2023-08-16 16:19:27,013 INFO NON alignment & NON isbn present TN 36943
2023-08-16 16:19:27,013 INFO NON alignment & isbn present FN 0
2023-08-16 16:19:27,013 INFO missing isbn bnf for positives 2
2023-08-16 16:19:27,013 INFO missing isbn constellation for positives 0
2023-08-16 16:19:27,013 INFO missing isbn bnf for negatives 266
2023-08-16 16:19:27,013 INFO missing isbn constellation for negatives 0
2023-08-16 16:19:27,013 INFO ----- test set
2023-08-16 16:23:21,310 INFO total alignment P 85
2023-08-16 16:23:21,310 INFO total non-alignment N 39412
2023-08-16 16:23:21,311 INFO lines without url 0
2023-08-16 16:23:21,311 INFO alignment & isbn matches TP 74
2023-08-16 16:23:21,311 INFO alignment & NOT isbn matches FP 8
2023-08-16 16:23:21,311 INFO NON alignment & NON isbn present TN 38982
2023-08-16 16:23:21,311 INFO NON alignment & isbn present FN 85
2023-08-16 16:23:21,311 INFO missing isbn bnf or constellation for positives 0
2023-08-16 16:23:21,311 INFO missing isbn lurelu for positives 3
2023-08-16 16:23:21,311 INFO missing isbn bnf or constellation for negatives 266
2023-08-16 16:23:21,311 INFO missing isbn lurelu for negatives 79