2023-08-22 14:51:23,611 INFO ------------------------------------
2023-08-22 14:51:23,612 INFO key type name_author_publisher_date
2023-08-22 14:51:23,612 INFO number of alignments bnf 2169
2023-08-22 14:51:23,612 INFO number of alignments lurelu 70
2023-08-22 14:51:23,612 INFO total number of books 41651
2023-08-22 14:51:23,612 INFO total number of books bnf 30384
2023-08-22 14:51:23,612 INFO total number of books constellation 11267
2023-08-22 14:51:23,612 INFO total number of books lurelu 208
2023-08-22 14:51:23,620 INFO total number of collisions isbn 16
2023-08-22 14:51:23,620 INFO total number of collisions exact key bnf 85
2023-08-22 14:51:23,620 INFO total number of collisions exact key lurelu 3
2023-08-22 14:51:23,620 INFO total number of collisions approximate key lurelu 1
2023-08-22 14:51:23,620 INFO ----- validation set
2023-08-22 14:55:08,689 INFO total alignment P 2169
2023-08-22 14:55:08,689 INFO total non-alignment N 37209
2023-08-22 14:55:08,689 INFO lines without url 0
2023-08-22 14:55:08,689 INFO alignment & isbn matches TP 2121
2023-08-22 14:55:08,689 INFO alignment & NOT isbn matches FP 46
2023-08-22 14:55:08,689 INFO NON alignment & NON isbn present TN 36943
2023-08-22 14:55:08,689 INFO NON alignment & isbn present FN 0
2023-08-22 14:55:08,689 INFO missing isbn bnf for positives 2
2023-08-22 14:55:08,690 INFO missing isbn constellation for positives 0
2023-08-22 14:55:08,690 INFO missing isbn bnf for negatives 266
2023-08-22 14:55:08,690 INFO missing isbn constellation for negatives 0
2023-08-22 14:55:08,690 INFO ----- test set
2023-08-22 14:59:28,270 INFO total alignment P 70
2023-08-22 14:59:28,270 INFO total non-alignment N 39442
2023-08-22 14:59:28,270 INFO lines without url 0
2023-08-22 14:59:28,270 INFO alignment & isbn matches TP 64
2023-08-22 14:59:28,270 INFO alignment & NOT isbn matches FP 6
2023-08-22 14:59:28,270 INFO NON alignment & NON isbn present TN 38987
2023-08-22 14:59:28,270 INFO NON alignment & isbn present FN 107
2023-08-22 14:59:28,270 INFO missing isbn bnf or constellation for positives 0
2023-08-22 14:59:28,271 INFO missing isbn lurelu for positives 0
2023-08-22 14:59:28,271 INFO missing isbn bnf or constellation for negatives 266
2023-08-22 14:59:28,271 INFO missing isbn lurelu for negatives 82
