2023-08-15 00:20:27,614 INFO ------------------------------------
2023-08-15 00:20:27,615 INFO key type name_author_publisher_date
2023-08-15 00:20:27,615 INFO number of alignments bnf 2121
2023-08-15 00:20:27,615 INFO number of alignments lurelu 78
2023-08-15 00:20:27,615 INFO total number of books 41651
2023-08-15 00:20:27,615 INFO total number of books bnf 30384
2023-08-15 00:20:27,615 INFO total number of books constellation 11267
2023-08-15 00:20:27,615 INFO total number of books lurelu 208
2023-08-15 00:20:27,616 INFO total number of collisions isbn 11
2023-08-15 00:20:27,643 INFO total number of collisions exact key bnf 28252
2023-08-15 00:20:27,643 INFO total number of collisions exact key lurelu 0
2023-08-15 00:20:27,643 INFO total number of collisions approximate key lurelu 4
2023-08-15 00:20:27,643 INFO ----- validation set
2023-08-15 00:28:08,991 INFO total alignment P 2120
2023-08-15 00:28:08,991 INFO total non-alignment N 37263
2023-08-15 00:28:08,991 INFO lines without url 0
2023-08-15 00:28:08,991 INFO alignment & isbn matches TP 2120
2023-08-15 00:28:08,991 INFO alignment & NOT isbn matches FP 0
2023-08-15 00:28:08,991 INFO NON alignment & NON isbn present TN 36989
2023-08-15 00:28:08,991 INFO NON alignment & isbn present FN 0
2023-08-15 00:28:08,992 INFO missing isbn bnf for positives 0
2023-08-15 00:28:08,992 INFO missing isbn constellation for positives 0
2023-08-15 00:28:08,992 INFO missing isbn bnf for negatives 274
2023-08-15 00:28:08,992 INFO missing isbn constellation for negatives 0
2023-08-15 00:28:08,992 INFO ----- test set
2023-08-15 00:35:52,544 INFO total alignment P 78
2023-08-15 00:35:52,544 INFO total non-alignment N 39431
2023-08-15 00:35:52,544 INFO lines without url 0
2023-08-15 00:35:52,544 INFO alignment & isbn matches TP 70
2023-08-15 00:35:52,544 INFO alignment & NOT isbn matches FP 8
2023-08-15 00:35:52,544 INFO NON alignment & NON isbn present TN 38982
2023-08-15 00:35:52,544 INFO NON alignment & isbn present FN 93
2023-08-15 00:35:52,544 INFO missing isbn bnf or constellation for positives 0
2023-08-15 00:35:52,544 INFO missing isbn lurelu for positives 0
2023-08-15 00:35:52,544 INFO missing isbn bnf or constellation for negatives 274
2023-08-15 00:35:52,544 INFO missing isbn lurelu for negatives 82
